生成启动时间为 2016/8/7 21:16:30。
     1>项目“E:\Workspace\VS2010\Aug\mao_offlineimagestitch_oldversion_verify\mao_offlineimagestitch_oldversion_verify\mao_offlineimagestitch_oldversion_verify.vcxproj”在节点 2 上(rebuild 个目标)。
     1>_PrepareForClean:
         正在删除文件“x64\Debug\mao_offlineimagestitch_oldversion_verify.lastbuildstate”。
       InitializeBuildStatus:
         正在创建“x64\Debug\mao_offlineimagestitch_oldversion_verify.unsuccessfulbuild”，因为已指定“AlwaysCreate”。
       ClCompile:
         e:\Workspace\VS2010\installation\install\VC\bin\x86_amd64\CL.exe /c /Zi /nologo /W3 /WX- /Od /D WIN32 /D _DEBUG /D _CONSOLE /D _UNICODE /D UNICODE /Gm /EHsc /RTC1 /MTd /GS /fp:precise /Zc:wchar_t /Zc:forScope /Yc"StdAfx.h" /Fp"x64\Debug\mao_offlineimagestitch_oldversion_verify.pch" /Fo"x64\Debug\\" /Fd"x64\Debug\vc100.pdb" /Gd /TP /errorReport:prompt stdafx.cpp
         stdafx.cpp
         e:\Workspace\VS2010\installation\install\VC\bin\x86_amd64\CL.exe /c /Zi /nologo /W3 /WX- /Od /D WIN32 /D _DEBUG /D _CONSOLE /D _UNICODE /D UNICODE /Gm /EHsc /RTC1 /MTd /GS /fp:precise /Zc:wchar_t /Zc:forScope /Yu"StdAfx.h" /Fp"x64\Debug\mao_offlineimagestitch_oldversion_verify.pch" /Fo"x64\Debug\\" /Fd"x64\Debug\vc100.pdb" /Gd /TP /errorReport:prompt ImageStitch.cpp main.cpp Pixel.cpp
         Pixel.cpp
         main.cpp
         ImageStitch.cpp
     1>ImageStitch.cpp(411): warning C4996: 'sprintf': This function or variable may be unsafe. Consider using sprintf_s instead. To disable deprecation, use _CRT_SECURE_NO_WARNINGS. See online help for details.
                 e:\Workspace\VS2010\installation\install\VC\include\stdio.h(371) : 参见“sprintf”的声明
     1>ImageStitch.cpp(412): warning C4996: 'fopen': This function or variable may be unsafe. Consider using fopen_s instead. To disable deprecation, use _CRT_SECURE_NO_WARNINGS. See online help for details.
                 e:\Workspace\VS2010\installation\install\VC\include\stdio.h(234) : 参见“fopen”的声明
     1>ImageStitch.cpp(796): warning C4996: 'sprintf': This function or variable may be unsafe. Consider using sprintf_s instead. To disable deprecation, use _CRT_SECURE_NO_WARNINGS. See online help for details.
                 e:\Workspace\VS2010\installation\install\VC\include\stdio.h(371) : 参见“sprintf”的声明
     1>ImageStitch.cpp(934): warning C4996: 'sprintf': This function or variable may be unsafe. Consider using sprintf_s instead. To disable deprecation, use _CRT_SECURE_NO_WARNINGS. See online help for details.
                 e:\Workspace\VS2010\installation\install\VC\include\stdio.h(371) : 参见“sprintf”的声明
     1>ImageStitch.cpp(1222): warning C4996: 'sprintf': This function or variable may be unsafe. Consider using sprintf_s instead. To disable deprecation, use _CRT_SECURE_NO_WARNINGS. See online help for details.
                 e:\Workspace\VS2010\installation\install\VC\include\stdio.h(371) : 参见“sprintf”的声明
     1>ImageStitch.cpp(1223): warning C4996: 'fopen': This function or variable may be unsafe. Consider using fopen_s instead. To disable deprecation, use _CRT_SECURE_NO_WARNINGS. See online help for details.
                 e:\Workspace\VS2010\installation\install\VC\include\stdio.h(234) : 参见“fopen”的声明
     1>ImageStitch.cpp(1244): warning C4996: 'sprintf': This function or variable may be unsafe. Consider using sprintf_s instead. To disable deprecation, use _CRT_SECURE_NO_WARNINGS. See online help for details.
                 e:\Workspace\VS2010\installation\install\VC\include\stdio.h(371) : 参见“sprintf”的声明
     1>ImageStitch.cpp(1245): warning C4996: 'fopen': This function or variable may be unsafe. Consider using fopen_s instead. To disable deprecation, use _CRT_SECURE_NO_WARNINGS. See online help for details.
                 e:\Workspace\VS2010\installation\install\VC\include\stdio.h(234) : 参见“fopen”的声明
         Generating Code...
       Link:
         e:\Workspace\VS2010\installation\install\VC\bin\x86_amd64\link.exe /ERRORREPORT:PROMPT /OUT:"E:\Workspace\VS2010\Aug\mao_offlineimagestitch_oldversion_verify\x64\Debug\mao_offlineimagestitch_oldversion_verify.exe" /INCREMENTAL /NOLOGO mpi.lib ws2_32.lib opencv_ml2410d.lib opencv_calib3d2410d.lib opencv_contrib2410d.lib opencv_core2410d.lib opencv_features2d2410d.lib opencv_flann2410d.lib opencv_gpu2410d.lib opencv_highgui2410d.lib opencv_imgproc2410d.lib opencv_legacy2410d.lib opencv_objdetect2410d.lib opencv_ts2410d.lib opencv_video2410d.lib opencv_nonfree2410d.lib opencv_ocl2410d.lib opencv_photo2410d.lib opencv_stitching2410d.lib opencv_superres2410d.lib opencv_videostab2410d.lib kernel32.lib user32.lib gdi32.lib winspool.lib comdlg32.lib advapi32.lib shell32.lib ole32.lib oleaut32.lib uuid.lib odbc32.lib odbccp32.lib /MANIFEST:NO /DEBUG /PDB:"E:\Workspace\VS2010\Aug\mao_offlineimagestitch_oldversion_verify\x64\Debug\mao_offlineimagestitch_oldversion_verify.pdb" /SUBSYSTEM:CONSOLE /TLBID:1 /DYNAMICBASE /NXCOMPAT /IMPLIB:"E:\Workspace\VS2010\Aug\mao_offlineimagestitch_oldversion_verify\x64\Debug\mao_offlineimagestitch_oldversion_verify.lib" /MACHINE:X64 x64\Debug\ImageStitch.obj
         x64\Debug\main.obj
         x64\Debug\Pixel.obj
         x64\Debug\stdafx.obj
         mao_offlineimagestitch_oldversion_verify.vcxproj -> E:\Workspace\VS2010\Aug\mao_offlineimagestitch_oldversion_verify\x64\Debug\mao_offlineimagestitch_oldversion_verify.exe
       FinalizeBuildStatus:
         正在删除文件“x64\Debug\mao_offlineimagestitch_oldversion_verify.unsuccessfulbuild”。
         正在对“x64\Debug\mao_offlineimagestitch_oldversion_verify.lastbuildstate”执行 Touch 任务。
     1>已完成生成项目“E:\Workspace\VS2010\Aug\mao_offlineimagestitch_oldversion_verify\mao_offlineimagestitch_oldversion_verify\mao_offlineimagestitch_oldversion_verify.vcxproj”(rebuild 个目标)的操作。

生成成功。

已用时间 00:00:02.08
