生成启动时间为 2016/8/4 6:58:24。
     1>项目“E:\Workspace\VS2010\Aug\OfflineImageFetch_watch\OfflineImageFetch_watch\OfflineImageFetch_watch.vcxproj”在节点 2 上(rebuild 个目标)。
     1>_PrepareForClean:
         正在删除文件“x64\Release\OfflineImageFetch_watch.lastbuildstate”。
       InitializeBuildStatus:
         正在创建“x64\Release\OfflineImageFetch_watch.unsuccessfulbuild”，因为已指定“AlwaysCreate”。
       ClCompile:
         e:\Workspace\VS2010\installation\install\VC\bin\x86_amd64\CL.exe /c /Zi /nologo /W3 /WX- /O2 /Oi /GL /D WIN32 /D NDEBUG /D _CONSOLE /D _UNICODE /D UNICODE /Gm- /EHsc /MD /GS /Gy /fp:precise /Zc:wchar_t /Zc:forScope /Yc"StdAfx.h" /Fp"x64\Release\OfflineImageFetch_watch.pch" /Fo"x64\Release\\" /Fd"x64\Release\vc100.pdb" /Gd /TP /errorReport:prompt stdafx.cpp
         stdafx.cpp
         e:\Workspace\VS2010\installation\install\VC\bin\x86_amd64\CL.exe /c /Zi /nologo /W3 /WX- /O2 /Oi /GL /D WIN32 /D NDEBUG /D _CONSOLE /D _UNICODE /D UNICODE /Gm- /EHsc /MD /GS /Gy /fp:precise /Zc:wchar_t /Zc:forScope /Fo"x64\Release\\" /Fd"x64\Release\vc100.pdb" /Gd /TP /errorReport:prompt ImageFetch.cpp OfflineImageFetch_watch.cpp
         ImageFetch.cpp
     1>ImageFetch.cpp(152): warning C4996: 'sprintf': This function or variable may be unsafe. Consider using sprintf_s instead. To disable deprecation, use _CRT_SECURE_NO_WARNINGS. See online help for details.
                 e:\Workspace\VS2010\installation\install\VC\include\stdio.h(371) : 参见“sprintf”的声明
     1>ImageFetch.cpp(213): warning C4244: “初始化”: 从“__int64”转换到“int”，可能丢失数据
         OfflineImageFetch_watch.cpp
       Link:
         e:\Workspace\VS2010\installation\install\VC\bin\x86_amd64\link.exe /ERRORREPORT:PROMPT /OUT:"E:\Workspace\VS2010\Aug\OfflineImageFetch_watch\x64\Release\OfflineImageFetch_watch.exe" /INCREMENTAL:NO /NOLOGO ws2_32.lib mpi.lib opencv_objdetect2410.lib opencv_ts2410.lib opencv_video2410.lib opencv_nonfree2410.lib opencv_ocl2410.lib opencv_photo2410.lib opencv_stitching2410.lib opencv_superres2410.lib opencv_videostab2410.lib opencv_calib3d2410.lib opencv_contrib2410.lib opencv_core2410.lib opencv_features2d2410.lib opencv_flann2410.lib opencv_gpu2410.lib opencv_highgui2410.lib opencv_imgproc2410.lib opencv_legacy2410.lib opencv_ml2410.lib kernel32.lib user32.lib gdi32.lib winspool.lib comdlg32.lib advapi32.lib shell32.lib ole32.lib oleaut32.lib uuid.lib odbc32.lib odbccp32.lib /MANIFEST:NO /DEBUG /PDB:"E:\Workspace\VS2010\Aug\OfflineImageFetch_watch\x64\Release\OfflineImageFetch_watch.pdb" /SUBSYSTEM:CONSOLE /OPT:REF /OPT:ICF /LTCG /TLBID:1 /DYNAMICBASE /NXCOMPAT /IMPLIB:"E:\Workspace\VS2010\Aug\OfflineImageFetch_watch\x64\Release\OfflineImageFetch_watch.lib" /MACHINE:X64 x64\Release\ImageFetch.obj
         x64\Release\OfflineImageFetch_watch.obj
         x64\Release\stdafx.obj
         正在生成代码
         已完成代码的生成
         OfflineImageFetch_watch.vcxproj -> E:\Workspace\VS2010\Aug\OfflineImageFetch_watch\x64\Release\OfflineImageFetch_watch.exe
       FinalizeBuildStatus:
         正在删除文件“x64\Release\OfflineImageFetch_watch.unsuccessfulbuild”。
         正在对“x64\Release\OfflineImageFetch_watch.lastbuildstate”执行 Touch 任务。
     1>已完成生成项目“E:\Workspace\VS2010\Aug\OfflineImageFetch_watch\OfflineImageFetch_watch\OfflineImageFetch_watch.vcxproj”(rebuild 个目标)的操作。

生成成功。

已用时间 00:00:03.47
