生成启动时间为 2016/8/7 21:42:08。
     1>项目“E:\Workspace\VS2010\Aug\mao_offlineimagestitch_verify\mao_offlineimagestitch_verify\mao_offlineimagestitch_verify.vcxproj”在节点 2 上(rebuild 个目标)。
     1>_PrepareForClean:
         正在删除文件“Debug\mao_offlineimagestitch_verify.lastbuildstate”。
       InitializeBuildStatus:
         正在对“Debug\mao_offlineimagestitch_verify.unsuccessfulbuild”执行 Touch 任务。
       ClCompile:
         e:\Workspace\VS2010\installation\install\VC\bin\CL.exe /c /ZI /nologo /W3 /WX- /Od /Oy- /D WIN32 /D _DEBUG /D _CONSOLE /D _UNICODE /D UNICODE /Gm /EHsc /RTC1 /MDd /GS /fp:precise /Zc:wchar_t /Zc:forScope /Yc"StdAfx.h" /Fp"Debug\mao_offlineimagestitch_verify.pch" /Fo"Debug\\" /Fd"Debug\vc100.pdb" /Gd /TP /analyze- /errorReport:prompt stdafx.cpp
         stdafx.cpp
         e:\Workspace\VS2010\installation\install\VC\bin\CL.exe /c /ZI /nologo /W3 /WX- /Od /Oy- /D WIN32 /D _DEBUG /D _CONSOLE /D _UNICODE /D UNICODE /Gm /EHsc /RTC1 /MDd /GS /fp:precise /Zc:wchar_t /Zc:forScope /Yu"StdAfx.h" /Fp"Debug\mao_offlineimagestitch_verify.pch" /Fo"Debug\\" /Fd"Debug\vc100.pdb" /Gd /TP /analyze- /errorReport:prompt mao_offlineimagestitch_verify.cpp
         mao_offlineimagestitch_verify.cpp
       Link:
         e:\Workspace\VS2010\installation\install\VC\bin\link.exe /ERRORREPORT:PROMPT /OUT:"E:\Workspace\VS2010\Aug\mao_offlineimagestitch_verify\Debug\mao_offlineimagestitch_verify.exe" /INCREMENTAL /NOLOGO kernel32.lib user32.lib gdi32.lib winspool.lib comdlg32.lib advapi32.lib shell32.lib ole32.lib oleaut32.lib uuid.lib odbc32.lib odbccp32.lib /MANIFEST:NO /DEBUG /PDB:"E:\Workspace\VS2010\Aug\mao_offlineimagestitch_verify\Debug\mao_offlineimagestitch_verify.pdb" /SUBSYSTEM:CONSOLE /TLBID:1 /DYNAMICBASE /NXCOMPAT /IMPLIB:"E:\Workspace\VS2010\Aug\mao_offlineimagestitch_verify\Debug\mao_offlineimagestitch_verify.lib" /MACHINE:X86 Debug\mao_offlineimagestitch_verify.obj
         Debug\stdafx.obj
         mao_offlineimagestitch_verify.vcxproj -> E:\Workspace\VS2010\Aug\mao_offlineimagestitch_verify\Debug\mao_offlineimagestitch_verify.exe
       FinalizeBuildStatus:
         正在删除文件“Debug\mao_offlineimagestitch_verify.unsuccessfulbuild”。
         正在对“Debug\mao_offlineimagestitch_verify.lastbuildstate”执行 Touch 任务。
     1>已完成生成项目“E:\Workspace\VS2010\Aug\mao_offlineimagestitch_verify\mao_offlineimagestitch_verify\mao_offlineimagestitch_verify.vcxproj”(rebuild 个目标)的操作。

生成成功。

已用时间 00:00:00.64
