生成启动时间为 2016/8/17 11:31:07。
     1>项目“E:\Workspace\VS2010\Aug\Cpp_basic\读取，创建文本文件\读取，创建文本文件\读取，创建文本文件.vcxproj”在节点 2 上(rebuild 个目标)。
     1>_PrepareForClean:
         正在删除文件“Debug\读取，创建文本文件.lastbuildstate”。
       InitializeBuildStatus:
         正在创建“Debug\读取，创建文本文件.unsuccessfulbuild”，因为已指定“AlwaysCreate”。
       ClCompile:
         e:\Workspace\VS2010\installation\install\VC\bin\CL.exe /c /ZI /nologo /W3 /WX- /Od /Oy- /D WIN32 /D _DEBUG /D _CONSOLE /D _UNICODE /D UNICODE /Gm /EHsc /RTC1 /MDd /GS /fp:precise /Zc:wchar_t /Zc:forScope /Yc"StdAfx.h" /Fp"Debug\读取，创建文本文件.pch" /Fo"Debug\\" /Fd"Debug\vc100.pdb" /Gd /TP /analyze- /errorReport:prompt stdafx.cpp
         stdafx.cpp
         e:\Workspace\VS2010\installation\install\VC\bin\CL.exe /c /ZI /nologo /W3 /WX- /Od /Oy- /D WIN32 /D _DEBUG /D _CONSOLE /D _UNICODE /D UNICODE /Gm /EHsc /RTC1 /MDd /GS /fp:precise /Zc:wchar_t /Zc:forScope /Yu"StdAfx.h" /Fp"Debug\读取，创建文本文件.pch" /Fo"Debug\\" /Fd"Debug\vc100.pdb" /Gd /TP /analyze- /errorReport:prompt "读取，创建文本文件.cpp"
         读取，创建文本文件.cpp
     1>e:\workspace\vs2010\aug\cpp_basic\读取，创建文本文件\读取，创建文本文件\读取，创建文本文件.cpp(13): warning C4996: 'fopen': This function or variable may be unsafe. Consider using fopen_s instead. To disable deprecation, use _CRT_SECURE_NO_WARNINGS. See online help for details.
                 e:\workspace\vs2010\installation\install\vc\include\stdio.h(234) : 参见“fopen”的声明
       Link:
         e:\Workspace\VS2010\installation\install\VC\bin\link.exe /ERRORREPORT:PROMPT /OUT:"E:\Workspace\VS2010\Aug\Cpp_basic\读取，创建文本文件\Debug\读取，创建文本文件.exe" /INCREMENTAL /NOLOGO kernel32.lib user32.lib gdi32.lib winspool.lib comdlg32.lib advapi32.lib shell32.lib ole32.lib oleaut32.lib uuid.lib odbc32.lib odbccp32.lib /MANIFEST:NO /DEBUG /PDB:"E:\Workspace\VS2010\Aug\Cpp_basic\读取，创建文本文件\Debug\读取，创建文本文件.pdb" /SUBSYSTEM:CONSOLE /TLBID:1 /DYNAMICBASE /NXCOMPAT /IMPLIB:"E:\Workspace\VS2010\Aug\Cpp_basic\读取，创建文本文件\Debug\读取，创建文本文件.lib" /MACHINE:X86 Debug\stdafx.obj
         "Debug\读取，创建文本文件.obj"
         读取，创建文本文件.vcxproj -> E:\Workspace\VS2010\Aug\Cpp_basic\读取，创建文本文件\Debug\读取，创建文本文件.exe
       FinalizeBuildStatus:
         正在删除文件“Debug\读取，创建文本文件.unsuccessfulbuild”。
         正在对“Debug\读取，创建文本文件.lastbuildstate”执行 Touch 任务。
     1>已完成生成项目“E:\Workspace\VS2010\Aug\Cpp_basic\读取，创建文本文件\读取，创建文本文件\读取，创建文本文件.vcxproj”(rebuild 个目标)的操作。

生成成功。

已用时间 00:00:00.59
