生成启动时间为 2016/8/28 22:37:06。
     1>项目“E:\Workspace\VS2010\Aug\Cpp_basic\ImageFetch_Laptop\ImageFetch\ImageFetch\ImageFetch.vcxproj”在节点 2 上(rebuild 个目标)。
     1>_PrepareForClean:
         正在删除文件“x64\Debug\ImageFetch.lastbuildstate”。
     1>C:\Program Files (x86)\MSBuild\Microsoft.Cpp\v4.0\Microsoft.CppClean.targets(74,5): warning : 对路径“E:\WORKSPACE\VS2010\AUG\CPP_BASIC\IMAGEFETCH_LAPTOP\IMAGEFETCH\X64\DEBUG\IMAGEFETCH.EXE”的访问被拒绝。
       InitializeBuildStatus:
         正在创建“x64\Debug\ImageFetch.unsuccessfulbuild”，因为已指定“AlwaysCreate”。
       ClCompile:
         e:\Workspace\VS2010\installation\install\VC\bin\x86_amd64\CL.exe /c /Zi /nologo /W3 /WX- /Od /D WIN32 /D _DEBUG /D _CONSOLE /D _UNICODE /D UNICODE /Gm /EHsc /RTC1 /MTd /GS /fp:precise /Zc:wchar_t /Zc:forScope /Fo"x64\Debug\\" /Fd"x64\Debug\vc100.pdb" /Gd /TP /errorReport:prompt ImageFetch.cpp main.cpp stdafx.cpp
         stdafx.cpp
         main.cpp
         ImageFetch.cpp
     1>ImageFetch.cpp(595): warning C4996: 'sprintf': This function or variable may be unsafe. Consider using sprintf_s instead. To disable deprecation, use _CRT_SECURE_NO_WARNINGS. See online help for details.
                 e:\Workspace\VS2010\installation\install\VC\include\stdio.h(371) : 参见“sprintf”的声明
     1>ImageFetch.cpp(611): warning C4996: 'sprintf': This function or variable may be unsafe. Consider using sprintf_s instead. To disable deprecation, use _CRT_SECURE_NO_WARNINGS. See online help for details.
                 e:\Workspace\VS2010\installation\install\VC\include\stdio.h(371) : 参见“sprintf”的声明
     1>ImageFetch.cpp(627): warning C4244: “初始化”: 从“__int64”转换到“int”，可能丢失数据
         Generating Code...
       Link:
         e:\Workspace\VS2010\installation\install\VC\bin\x86_amd64\link.exe /ERRORREPORT:PROMPT /OUT:"E:\Workspace\VS2010\Aug\Cpp_basic\ImageFetch_Laptop\ImageFetch\x64\Debug\ImageFetch.exe" /INCREMENTAL /NOLOGO mpi.lib ws2_32.lib opencv_ml2410d.lib opencv_calib3d2410d.lib opencv_contrib2410d.lib opencv_core2410d.lib opencv_features2d2410d.lib opencv_flann2410d.lib opencv_gpu2410d.lib opencv_highgui2410d.lib opencv_imgproc2410d.lib opencv_legacy2410d.lib opencv_objdetect2410d.lib opencv_ts2410d.lib opencv_video2410d.lib opencv_nonfree2410d.lib opencv_ocl2410d.lib opencv_photo2410d.lib opencv_stitching2410d.lib opencv_superres2410d.lib opencv_videostab2410d.lib kernel32.lib user32.lib gdi32.lib winspool.lib comdlg32.lib advapi32.lib shell32.lib ole32.lib oleaut32.lib uuid.lib odbc32.lib odbccp32.lib /MANIFEST:NO /DEBUG /PDB:"E:\Workspace\VS2010\Aug\Cpp_basic\ImageFetch_Laptop\ImageFetch\x64\Debug\ImageFetch.pdb" /SUBSYSTEM:CONSOLE /TLBID:1 /DYNAMICBASE /NXCOMPAT /IMPLIB:"E:\Workspace\VS2010\Aug\Cpp_basic\ImageFetch_Laptop\ImageFetch\x64\Debug\ImageFetch.lib" /MACHINE:X64 x64\Debug\ImageFetch.obj
         x64\Debug\main.obj
         x64\Debug\stdafx.obj
         ImageFetch.vcxproj -> E:\Workspace\VS2010\Aug\Cpp_basic\ImageFetch_Laptop\ImageFetch\x64\Debug\ImageFetch.exe
       FinalizeBuildStatus:
         正在删除文件“x64\Debug\ImageFetch.unsuccessfulbuild”。
         正在对“x64\Debug\ImageFetch.lastbuildstate”执行 Touch 任务。
     1>已完成生成项目“E:\Workspace\VS2010\Aug\Cpp_basic\ImageFetch_Laptop\ImageFetch\ImageFetch\ImageFetch.vcxproj”(rebuild 个目标)的操作。

生成成功。

已用时间 00:00:03.93
